  main.cpp
C:\Users\Henrik\Documents\GitHub\Falling-sand-simulation\FallingSandSimulation\FallingSandSimulation\Source\main.cpp(34,45): warning C4244: 'argument': conversion from 'int' to 'T', possible loss of data
          with
          [
              T=float
          ]
C:\Users\Henrik\Documents\GitHub\Falling-sand-simulation\FallingSandSimulation\FallingSandSimulation\Source\main.cpp(34,33): warning C4244: 'argument': conversion from 'int' to 'T', possible loss of data
          with
          [
              T=float
          ]
C:\Users\Henrik\Documents\GitHub\Falling-sand-simulation\FallingSandSimulation\FallingSandSimulation\Source\main.cpp(64,10): warning C4244: 'initializing': conversion from 'T' to 'float', possible loss of data
          with
          [
              T=int
          ]
C:\Users\Henrik\Documents\GitHub\Falling-sand-simulation\FallingSandSimulation\FallingSandSimulation\Source\main.cpp(65,10): warning C4244: 'initializing': conversion from 'T' to 'float', possible loss of data
          with
          [
              T=int
          ]
C:\Users\Henrik\Documents\GitHub\Falling-sand-simulation\FallingSandSimulation\FallingSandSimulation\Source\main.cpp(79,49): warning C4244: 'argument': conversion from 'float' to 'int', possible loss of data
C:\Users\Henrik\Documents\GitHub\Falling-sand-simulation\FallingSandSimulation\FallingSandSimulation\Source\main.cpp(79,80): warning C4244: 'argument': conversion from 'float' to 'int', possible loss of data
C:\Users\Henrik\Documents\GitHub\Falling-sand-simulation\FallingSandSimulation\FallingSandSimulation\Source\main.cpp(110,48): warning C4244: 'argument': conversion from 'int' to 'T', possible loss of data
          with
          [
              T=float
          ]
C:\Users\Henrik\Documents\GitHub\Falling-sand-simulation\FallingSandSimulation\FallingSandSimulation\Source\main.cpp(110,37): warning C4244: 'argument': conversion from 'int' to 'T', possible loss of data
          with
          [
              T=float
          ]
C:\Users\Henrik\Documents\GitHub\Falling-sand-simulation\FallingSandSimulation\FallingSandSimulation\Source\main.cpp(111,45): warning C4244: 'argument': conversion from 'int' to 'T', possible loss of data
          with
          [
              T=float
          ]
C:\Users\Henrik\Documents\GitHub\Falling-sand-simulation\FallingSandSimulation\FallingSandSimulation\Source\main.cpp(111,34): warning C4244: 'argument': conversion from 'int' to 'T', possible loss of data
          with
          [
              T=float
          ]
C:\Users\Henrik\Documents\GitHub\Falling-sand-simulation\FallingSandSimulation\FallingSandSimulation\Source\main.cpp(138,11): warning C4129: 'H': unrecognized character escape sequence
C:\Users\Henrik\Documents\GitHub\Falling-sand-simulation\FallingSandSimulation\FallingSandSimulation\Source\main.cpp(138,11): warning C4129: 'D': unrecognized character escape sequence
C:\Users\Henrik\Documents\GitHub\Falling-sand-simulation\FallingSandSimulation\FallingSandSimulation\Source\main.cpp(138,11): warning C4129: 'G': unrecognized character escape sequence
C:\Users\Henrik\Documents\GitHub\Falling-sand-simulation\FallingSandSimulation\FallingSandSimulation\Source\main.cpp(138,11): warning C4129: 'F': unrecognized character escape sequence
C:\Users\Henrik\Documents\GitHub\Falling-sand-simulation\FallingSandSimulation\FallingSandSimulation\Source\main.cpp(138,11): warning C4129: 'M': unrecognized character escape sequence
C:\Users\Henrik\Documents\GitHub\Falling-sand-simulation\FallingSandSimulation\FallingSandSimulation\Source\main.cpp(162,69): warning C4244: 'argument': conversion from 'int' to 'T', possible loss of data
          with
          [
              T=float
          ]
C:\Users\Henrik\Documents\GitHub\Falling-sand-simulation\FallingSandSimulation\FallingSandSimulation\Source\main.cpp(162,56): warning C4244: 'argument': conversion from 'int' to 'T', possible loss of data
          with
          [
              T=float
          ]
C:\Users\Henrik\Documents\GitHub\Falling-sand-simulation\FallingSandSimulation\FallingSandSimulation\Source\main.cpp(167,76): warning C4244: 'argument': conversion from 'int' to 'T', possible loss of data
          with
          [
              T=float
          ]
C:\Users\Henrik\Documents\GitHub\Falling-sand-simulation\FallingSandSimulation\FallingSandSimulation\Source\main.cpp(167,55): warning C4244: 'argument': conversion from 'int' to 'T', possible loss of data
          with
          [
              T=float
          ]
C:\Users\Henrik\Documents\GitHub\Falling-sand-simulation\FallingSandSimulation\FallingSandSimulation\Source\main.cpp(172,73): warning C4244: 'argument': conversion from 'int' to 'T', possible loss of data
          with
          [
              T=float
          ]
C:\Users\Henrik\Documents\GitHub\Falling-sand-simulation\FallingSandSimulation\FallingSandSimulation\Source\main.cpp(172,52): warning C4244: 'argument': conversion from 'int' to 'T', possible loss of data
          with
          [
              T=float
          ]
C:\Users\Henrik\Documents\GitHub\Falling-sand-simulation\FallingSandSimulation\FallingSandSimulation\Source\main.cpp(176,36): warning C4244: 'argument': conversion from 'int' to 'T', possible loss of data
          with
          [
              T=float
          ]
C:\Users\Henrik\Documents\GitHub\Falling-sand-simulation\FallingSandSimulation\FallingSandSimulation\Source\main.cpp(210,49): warning C4244: '+=': conversion from 'float' to 'int', possible loss of data
C:\Users\Henrik\Documents\GitHub\Falling-sand-simulation\FallingSandSimulation\FallingSandSimulation\Source\main.cpp(215,48): warning C4244: '+=': conversion from 'float' to 'int', possible loss of data
  FallingSandSimulation.vcxproj -> C:\Users\Henrik\Documents\GitHub\Falling-sand-simulation\FallingSandSimulation\Debug\FallingSandSimulation.exe
