  main.cpp
C:\Users\Henrik\Documents\GitHub\Falling-sand-simulation\FallingSandSimulation\FallingSandSimulation\Source\main.cpp(31,57): warning C4244: 'argument': conversion from 'int' to 'T', possible loss of data
          with
          [
              T=float
          ]
C:\Users\Henrik\Documents\GitHub\Falling-sand-simulation\FallingSandSimulation\FallingSandSimulation\Source\main.cpp(31,37): warning C4244: 'argument': conversion from 'int' to 'T', possible loss of data
          with
          [
              T=float
          ]
C:\Users\Henrik\Documents\GitHub\Falling-sand-simulation\FallingSandSimulation\FallingSandSimulation\Source\main.cpp(65,18): warning C4244: 'initializing': conversion from 'int' to 'float', possible loss of data
C:\Users\Henrik\Documents\GitHub\Falling-sand-simulation\FallingSandSimulation\FallingSandSimulation\Source\main.cpp(66,18): warning C4244: 'initializing': conversion from 'int' to 'float', possible loss of data
C:\Users\Henrik\Documents\GitHub\Falling-sand-simulation\FallingSandSimulation\FallingSandSimulation\Source\main.cpp(93,10): warning C4244: 'initializing': conversion from 'T' to 'float', possible loss of data
          with
          [
              T=int
          ]
C:\Users\Henrik\Documents\GitHub\Falling-sand-simulation\FallingSandSimulation\FallingSandSimulation\Source\main.cpp(94,10): warning C4244: 'initializing': conversion from 'T' to 'float', possible loss of data
          with
          [
              T=int
          ]
C:\Users\Henrik\Documents\GitHub\Falling-sand-simulation\FallingSandSimulation\FallingSandSimulation\Source\main.cpp(110,49): warning C4244: 'argument': conversion from 'float' to 'int', possible loss of data
C:\Users\Henrik\Documents\GitHub\Falling-sand-simulation\FallingSandSimulation\FallingSandSimulation\Source\main.cpp(110,80): warning C4244: 'argument': conversion from 'float' to 'int', possible loss of data
C:\Users\Henrik\Documents\GitHub\Falling-sand-simulation\FallingSandSimulation\FallingSandSimulation\Source\main.cpp(207,82): warning C4244: 'argument': conversion from 'int' to 'T', possible loss of data
          with
          [
              T=float
          ]
C:\Users\Henrik\Documents\GitHub\Falling-sand-simulation\FallingSandSimulation\FallingSandSimulation\Source\main.cpp(207,55): warning C4244: 'argument': conversion from 'int' to 'T', possible loss of data
          with
          [
              T=float
          ]
C:\Users\Henrik\Documents\GitHub\Falling-sand-simulation\FallingSandSimulation\FallingSandSimulation\Source\main.cpp(212,89): warning C4244: 'argument': conversion from 'int' to 'T', possible loss of data
          with
          [
              T=float
          ]
C:\Users\Henrik\Documents\GitHub\Falling-sand-simulation\FallingSandSimulation\FallingSandSimulation\Source\main.cpp(212,54): warning C4244: 'argument': conversion from 'int' to 'T', possible loss of data
          with
          [
              T=float
          ]
C:\Users\Henrik\Documents\GitHub\Falling-sand-simulation\FallingSandSimulation\FallingSandSimulation\Source\main.cpp(217,86): warning C4244: 'argument': conversion from 'int' to 'T', possible loss of data
          with
          [
              T=float
          ]
C:\Users\Henrik\Documents\GitHub\Falling-sand-simulation\FallingSandSimulation\FallingSandSimulation\Source\main.cpp(217,51): warning C4244: 'argument': conversion from 'int' to 'T', possible loss of data
          with
          [
              T=float
          ]
C:\Users\Henrik\Documents\GitHub\Falling-sand-simulation\FallingSandSimulation\FallingSandSimulation\Source\main.cpp(220,39): warning C4244: 'argument': conversion from 'int' to 'T', possible loss of data
          with
          [
              T=float
          ]
C:\Users\Henrik\Documents\GitHub\Falling-sand-simulation\FallingSandSimulation\FallingSandSimulation\Source\main.cpp(237,38): warning C4244: 'argument': conversion from 'int' to 'T', possible loss of data
          with
          [
              T=float
          ]
C:\Users\Henrik\Documents\GitHub\Falling-sand-simulation\FallingSandSimulation\FallingSandSimulation\Source\main.cpp(237,35): warning C4244: 'argument': conversion from 'int' to 'T', possible loss of data
          with
          [
              T=float
          ]
C:\Users\Henrik\Documents\GitHub\Falling-sand-simulation\FallingSandSimulation\FallingSandSimulation\Source\main.cpp(266,48): warning C4244: '+=': conversion from 'float' to 'int', possible loss of data
C:\Users\Henrik\Documents\GitHub\Falling-sand-simulation\FallingSandSimulation\FallingSandSimulation\Source\main.cpp(271,47): warning C4244: '+=': conversion from 'float' to 'int', possible loss of data
  Generating code
  0 of 723 functions ( 0.0%) were compiled, the rest were copied from previous compilation.
    0 functions were new in current compilation
    0 functions had inline decision re-evaluated but remain unchanged
  Finished generating code
  FallingSandSimulation.vcxproj -> C:\Users\Henrik\Documents\GitHub\Falling-sand-simulation\FallingSandSimulation\Release\FallingSandSimulation.exe
